2015-09-23 21:45:59   g_txnGlobalCache(TxnGlobalCache) has been inited!
2015-09-23 21:56:01   g_txnGlobalCache(TxnGlobalCache) has been inited!
2015-09-23 21:56:01   g_txnGlobalCache(TxnGlobalCache) has been inited!
2015-09-23 21:56:30   g_txnGlobalCache(TxnGlobalCache) has been inited!
2015-09-23 22:04:38   g_txnGlobalCache(TxnGlobalCache) has been inited!
2015-09-23 22:04:38   g_txnGlobalCache(TxnGlobalCache) has been inited!
2015-09-23 22:04:55   g_txnGlobalCache(TxnGlobalCache) has been inited!
2015-09-23 22:05:28   g_txnGlobalCache(TxnGlobalCache) has been inited!
2015-09-23 22:07:14   GetPin_MiWen failed with ret: 1
2015-09-23 22:07:14   Txn_1025 = 5    
2015-09-23 22:07:26   Txn_6215 = 4    
2015-09-23 22:07:49   GetPin_MiWen failed with ret: 1
2015-09-23 22:07:49   Txn_1025 = 5    
2015-09-23 22:07:52   60000000000000000000000200602004C000C010111033144685625000200110230021000004303030303336333533333031363034303033383830303030303030300011110000010000
2015-09-23 22:07:55   Txn_81025( 10,  ) = 4    
2015-09-23 22:09:09   g_txnGlobalCache(TxnGlobalCache) has been inited!
2015-09-23 22:26:58   g_txnGlobalCache(TxnGlobalCache) has been inited!
2015-09-23 22:27:45   Txn_6215 = 4    
2015-09-23 22:28:03   g_txnGlobalCache(TxnGlobalCache) has been inited!
2015-09-23 22:28:03   g_txnGlobalCache(TxnGlobalCache) has been inited!
2015-09-23 22:28:23   60000000000000000000000200602004C000C010111013057463315000200110270021000001303030303336333533333031363034303033383830303030303030300011110000010000
2015-09-23 22:28:26   Txn_81025( 10,  ) = 4    
2015-09-23 22:28:49   60000000000000000000000200602004C020C010111042949672955000200110280021000004323333303130304431353630303030303530303739413134384434334344373242303030303336333533333031363034303033383830303030303030300011110000010000
2015-09-23 22:29:10   Txn_81025( 10, 12345678901234567890123456789012 ) = 4    
2015-09-23 22:29:26   g_txnGlobalCache(TxnGlobalCache) has been inited!
2015-09-23 22:35:04   g_txnGlobalCache(TxnGlobalCache) has been inited!
